# JRE version: Java(TM) SE Runtime Environment (8.0_241-b07) (build 1.8.0_241-b07)
# Java VM: Java HotSpot(TM) 64-Bit Server VM (25.241-b07 mixed mode windows-amd64 compressed oops)
Heap:
 PSYoungGen      total 306688K, used 288640K [0x00000000d6800000, 0x00000000f1d80000, 0x0000000100000000)
  eden space 294912K, 93% used [0x00000000d6800000,0x00000000e76620d8,0x00000000e8800000)
  from space 11776K, 99% used [0x00000000e8800000,0x00000000e937e060,0x00000000e9380000)
  to   space 22016K, 0% used [0x00000000f0800000,0x00000000f0800000,0x00000000f1d80000)
 ParOldGen       total 72704K, used 35902K [0x0000000083800000, 0x0000000087f00000, 0x00000000d6800000)
  object space 72704K, 49% used [0x0000000083800000,0x0000000085b0f920,0x0000000087f00000)
 Metaspace       used 51186K, capacity 53616K, committed 53720K, reserved 1095680K
  class space    used 6921K, capacity 7362K, committed 7424K, reserved 1048576K
GC Heap History (10 events):
Event: 2.085 GC heap before
{Heap before GC invocations=9 (full 1):
 PSYoungGen      total 140288K, used 135794K [0x00000000d6800000, 0x00000000e5400000, 0x0000000100000000)
  eden space 131072K, 100% used [0x00000000d6800000,0x00000000de800000,0x00000000de800000)
  from space 9216K, 51% used [0x00000000de800000,0x00000000dec9c890,0x00000000df100000)
  to   space 9216K, 0% used [0x00000000e4b00000,0x00000000e4b00000,0x00000000e5400000)
 ParOldGen       total 50176K, used 6012K [0x0000000083800000, 0x0000000086900000, 0x00000000d6800000)
  object space 50176K, 11% used [0x0000000083800000,0x0000000083ddf328,0x0000000086900000)
 Metaspace       used 23431K, capacity 24288K, committed 24576K, reserved 1071104K
  class space    used 3013K, capacity 3229K, committed 3328K, reserved 1048576K
Event: 2.087 GC heap after
Heap after GC invocations=9 (full 1):
 PSYoungGen      total 220160K, used 3332K [0x00000000d6800000, 0x00000000e4e80000, 0x0000000100000000)
  eden space 216576K, 0% used [0x00000000d6800000,0x00000000d6800000,0x00000000e3b80000)
  from space 3584K, 92% used [0x00000000e4b00000,0x00000000e4e41328,0x00000000e4e80000)
  to   space 9216K, 0% used [0x00000000e3c80000,0x00000000e3c80000,0x00000000e4580000)
 ParOldGen       total 50176K, used 6020K [0x0000000083800000, 0x0000000086900000, 0x00000000d6800000)
  object space 50176K, 11% used [0x0000000083800000,0x0000000083de1328,0x0000000086900000)
 Metaspace       used 23431K, capacity 24288K, committed 24576K, reserved 1071104K
  class space    used 3013K, capacity 3229K, committed 3328K, reserved 1048576K
}
Event: 3.739 GC heap before
{Heap before GC invocations=10 (full 1):
 PSYoungGen      total 220160K, used 219894K [0x00000000d6800000, 0x00000000e4e80000, 0x0000000100000000)
  eden space 216576K, 99% used [0x00000000d6800000,0x00000000e3b7c638,0x00000000e3b80000)
  from space 3584K, 92% used [0x00000000e4b00000,0x00000000e4e41328,0x00000000e4e80000)
  to   space 9216K, 0% used [0x00000000e3c80000,0x00000000e3c80000,0x00000000e4580000)
 ParOldGen       total 50176K, used 6020K [0x0000000083800000, 0x0000000086900000, 0x00000000d6800000)
  object space 50176K, 11% used [0x0000000083800000,0x0000000083de1328,0x0000000086900000)
 Metaspace       used 33048K, capacity 34846K, committed 34944K, reserved 1079296K
  class space    used 4333K, capacity 4685K, committed 4736K, reserved 1048576K
Event: 3.747 GC heap after
Heap after GC invocations=10 (full 1):
 PSYoungGen      total 226816K, used 9200K [0x00000000d6800000, 0x00000000e9f80000, 0x0000000100000000)
  eden space 217600K, 0% used [0x00000000d6800000,0x00000000d6800000,0x00000000e3c80000)
  from space 9216K, 99% used [0x00000000e3c80000,0x00000000e457c2c8,0x00000000e4580000)
  to   space 12288K, 0% used [0x00000000e9380000,0x00000000e9380000,0x00000000e9f80000)
 ParOldGen       total 50176K, used 11291K [0x0000000083800000, 0x0000000086900000, 0x00000000d6800000)
  object space 50176K, 22% used [0x0000000083800000,0x0000000084306d60,0x0000000086900000)
 Metaspace       used 33048K, capacity 34846K, committed 34944K, reserved 1079296K
  class space    used 4333K, capacity 4685K, committed 4736K, reserved 1048576K
}
Event: 3.880 GC heap before
{Heap before GC invocations=11 (full 1):
 PSYoungGen      total 226816K, used 41643K [0x00000000d6800000, 0x00000000e9f80000, 0x0000000100000000)
  eden space 217600K, 14% used [0x00000000d6800000,0x00000000d87aeaa8,0x00000000e3c80000)
  from space 9216K, 99% used [0x00000000e3c80000,0x00000000e457c2c8,0x00000000e4580000)
  to   space 12288K, 0% used [0x00000000e9380000,0x00000000e9380000,0x00000000e9f80000)
 ParOldGen       total 50176K, used 11291K [0x0000000083800000, 0x0000000086900000, 0x00000000d6800000)
  object space 50176K, 22% used [0x0000000083800000,0x0000000084306d60,0x0000000086900000)
 Metaspace       used 33493K, capacity 35300K, committed 35416K, reserved 1079296K
  class space    used 4385K, capacity 4726K, committed 4736K, reserved 1048576K
Event: 3.888 GC heap after
Heap after GC invocations=11 (full 1):
 PSYoungGen      total 307200K, used 5759K [0x00000000d6800000, 0x00000000ea580000, 0x0000000100000000)
  eden space 294912K, 0% used [0x00000000d6800000,0x00000000d6800000,0x00000000e8800000)
  from space 12288K, 46% used [0x00000000e9380000,0x00000000e991fd28,0x00000000e9f80000)
  to   space 11776K, 0% used [0x00000000e8800000,0x00000000e8800000,0x00000000e9380000)
 ParOldGen       total 50176K, used 13509K [0x0000000083800000, 0x0000000086900000, 0x00000000d6800000)
  object space 50176K, 26% used [0x0000000083800000,0x00000000845316a0,0x0000000086900000)
 Metaspace       used 33493K, capacity 35300K, committed 35416K, reserved 1079296K
  class space    used 4385K, capacity 4726K, committed 4736K, reserved 1048576K
}
Event: 3.888 GC heap before
{Heap before GC invocations=12 (full 2):
 PSYoungGen      total 307200K, used 5759K [0x00000000d6800000, 0x00000000ea580000, 0x0000000100000000)
  eden space 294912K, 0% used [0x00000000d6800000,0x00000000d6800000,0x00000000e8800000)
  from space 12288K, 46% used [0x00000000e9380000,0x00000000e991fd28,0x00000000e9f80000)
  to   space 11776K, 0% used [0x00000000e8800000,0x00000000e8800000,0x00000000e9380000)
 ParOldGen       total 50176K, used 13509K [0x0000000083800000, 0x0000000086900000, 0x00000000d6800000)
  object space 50176K, 26% used [0x0000000083800000,0x00000000845316a0,0x0000000086900000)
 Metaspace       used 33493K, capacity 35300K, committed 35416K, reserved 1079296K
  class space    used 4385K, capacity 4726K, committed 4736K, reserved 1048576K
Event: 3.930 GC heap after
Heap after GC invocations=12 (full 2):
 PSYoungGen      total 307200K, used 0K [0x00000000d6800000, 0x00000000ea580000, 0x0000000100000000)
  eden space 294912K, 0% used [0x00000000d6800000,0x00000000d6800000,0x00000000e8800000)
  from space 12288K, 0% used [0x00000000e9380000,0x00000000e9380000,0x00000000e9f80000)
  to   space 11776K, 0% used [0x00000000e8800000,0x00000000e8800000,0x00000000e9380000)
 ParOldGen       total 72704K, used 12592K [0x0000000083800000, 0x0000000087f00000, 0x00000000d6800000)
  object space 72704K, 17% used [0x0000000083800000,0x000000008444c260,0x0000000087f00000)
 Metaspace       used 33493K, capacity 35300K, committed 35416K, reserved 1079296K
  class space    used 4385K, capacity 4726K, committed 4736K, reserved 1048576K
}
Event: 5.493 GC heap before
{Heap before GC invocations=13 (full 2):
 PSYoungGen      total 307200K, used 294912K [0x00000000d6800000, 0x00000000ea580000, 0x0000000100000000)
  eden space 294912K, 100% used [0x00000000d6800000,0x00000000e8800000,0x00000000e8800000)
  from space 12288K, 0% used [0x00000000e9380000,0x00000000e9380000,0x00000000e9f80000)
  to   space 11776K, 0% used [0x00000000e8800000,0x00000000e8800000,0x00000000e9380000)
 ParOldGen       total 72704K, used 12592K [0x0000000083800000, 0x0000000087f00000, 0x00000000d6800000)
  object space 72704K, 17% used [0x0000000083800000,0x000000008444c260,0x0000000087f00000)
 Metaspace       used 46937K, capacity 49196K, committed 49496K, reserved 1091584K
  class space    used 6357K, capacity 6778K, committed 6784K, reserved 1048576K
Event: 5.518 GC heap after
Heap after GC invocations=13 (full 2):
 PSYoungGen      total 306688K, used 11768K [0x00000000d6800000, 0x00000000f1d80000, 0x0000000100000000)
  eden space 294912K, 0% used [0x00000000d6800000,0x00000000d6800000,0x00000000e8800000)
  from space 11776K, 99% used [0x00000000e8800000,0x00000000e937e060,0x00000000e9380000)
  to   space 22016K, 0% used [0x00000000f0800000,0x00000000f0800000,0x00000000f1d80000)
 ParOldGen       total 72704K, used 35902K [0x0000000083800000, 0x0000000087f00000, 0x00000000d6800000)
  object space 72704K, 49% used [0x0000000083800000,0x0000000085b0f920,0x0000000087f00000)
 Metaspace       used 46937K, capacity 49196K, committed 49496K, reserved 1091584K
  class space    used 6357K, capacity 6778K, committed 6784K, reserved 1048576K
}

